# JRE version: OpenJDK Runtime Environment Temurin-21.0.6+7 (21.0.6+7) (build 21.0.6+7-LTS)
# Java VM: OpenJDK 64-Bit Server VM Temurin-21.0.6+7 (21.0.6+7-LTS, mixed mode, sharing, tiered, compressed oops, compressed class ptrs, parallel gc, windows-amd64)
GC Precious Log:
 CardTable entry size: 512
 CPUs: 4 total, 4 available
 Memory: 7991M
 Large Page Support: Disabled
 NUMA Support: Disabled
 Compressed Oops: Enabled (32-bit)
 Alignments: Space 512K, Generation 512K, Heap 2M
 Heap Min Capacity: 100M
 Heap Initial Capacity: 100M
 Heap Max Capacity: 1G
 Pre-touch: Disabled
 Parallel Workers: 4
Heap:
 PSYoungGen      total 3584K, used 3551K [0x00000000eab00000, 0x00000000eb000000, 0x0000000100000000)
  eden space 3072K, 99% used [0x00000000eab00000,0x00000000eadfbf48,0x00000000eae00000)
  from space 512K, 96% used [0x00000000eae00000,0x00000000eae7c010,0x00000000eae80000)
  to   space 1024K, 0% used [0x00000000eaf00000,0x00000000eaf00000,0x00000000eb000000)
 ParOldGen       total 674816K, used 674582K [0x00000000c0000000, 0x00000000e9300000, 0x00000000eab00000)
  object space 674816K, 99% used [0x00000000c0000000,0x00000000e92c5b88,0x00000000e9300000)
 Metaspace       used 70094K, committed 71680K, reserved 1114112K
  class space    used 7272K, committed 7936K, reserved 1048576K
GC Heap History (20 events):
Event: 92.516 GC heap before
{Heap before GC invocations=1465 (full 3):
 PSYoungGen      total 4608K, used 4588K [0x00000000eab00000, 0x00000000eb080000, 0x0000000100000000)
  eden space 3584K, 99% used [0x00000000eab00000,0x00000000eae7e860,0x00000000eae80000)
  from space 1024K, 98% used [0x00000000eaf00000,0x00000000eaffc808,0x00000000eb000000)
  to   space 512K, 0% used [0x00000000eb000000,0x00000000eb000000,0x00000000eb080000)
 ParOldGen       total 671744K, used 671562K [0x00000000c0000000, 0x00000000e9000000, 0x00000000eab00000)
  object space 671744K, 99% used [0x00000000c0000000,0x00000000e8fd2ae0,0x00000000e9000000)
 Metaspace       used 67677K, committed 69248K, reserved 1114112K
  class space    used 7014K, committed 7680K, reserved 1048576K
}
Event: 92.518 GC heap after
{Heap after GC invocations=1465 (full 3):
 PSYoungGen      total 3584K, used 504K [0x00000000eab00000, 0x00000000eb280000, 0x0000000100000000)
  eden space 3072K, 0% used [0x00000000eab00000,0x00000000eab00000,0x00000000eae00000)
  from space 512K, 98% used [0x00000000eb000000,0x00000000eb07e1b8,0x00000000eb080000)
  to   space 2048K, 0% used [0x00000000eae00000,0x00000000eae00000,0x00000000eb000000)
 ParOldGen       total 672768K, used 672632K [0x00000000c0000000, 0x00000000e9100000, 0x00000000eab00000)
  object space 672768K, 99% used [0x00000000c0000000,0x00000000e90de3c8,0x00000000e9100000)
 Metaspace       used 67677K, committed 69248K, reserved 1114112K
  class space    used 7014K, committed 7680K, reserved 1048576K
}
Event: 92.590 GC heap before
{Heap before GC invocations=1466 (full 3):
 PSYoungGen      total 3584K, used 3569K [0x00000000eab00000, 0x00000000eb280000, 0x0000000100000000)
  eden space 3072K, 99% used [0x00000000eab00000,0x00000000eadfe468,0x00000000eae00000)
  from space 512K, 98% used [0x00000000eb000000,0x00000000eb07e1b8,0x00000000eb080000)
  to   space 2048K, 0% used [0x00000000eae00000,0x00000000eae00000,0x00000000eb000000)
 ParOldGen       total 672768K, used 672632K [0x00000000c0000000, 0x00000000e9100000, 0x00000000eab00000)
  object space 672768K, 99% used [0x00000000c0000000,0x00000000e90de3c8,0x00000000e9100000)
 Metaspace       used 67889K, committed 69504K, reserved 1114112K
  class space    used 7058K, committed 7744K, reserved 1048576K
}
Event: 92.592 GC heap after
{Heap after GC invocations=1466 (full 3):
 PSYoungGen      total 3584K, used 224K [0x00000000eab00000, 0x00000000eb080000, 0x0000000100000000)
  eden space 3072K, 0% used [0x00000000eab00000,0x00000000eab00000,0x00000000eae00000)
  from space 512K, 43% used [0x00000000eae00000,0x00000000eae38020,0x00000000eae80000)
  to   space 1024K, 0% used [0x00000000eaf80000,0x00000000eaf80000,0x00000000eb080000)
 ParOldGen       total 673280K, used 672961K [0x00000000c0000000, 0x00000000e9180000, 0x00000000eab00000)
  object space 673280K, 99% used [0x00000000c0000000,0x00000000e91307e0,0x00000000e9180000)
 Metaspace       used 67889K, committed 69504K, reserved 1114112K
  class space    used 7058K, committed 7744K, reserved 1048576K
}
Event: 92.679 GC heap before
{Heap before GC invocations=1467 (full 3):
 PSYoungGen      total 3584K, used 3296K [0x00000000eab00000, 0x00000000eb080000, 0x0000000100000000)
  eden space 3072K, 100% used [0x00000000eab00000,0x00000000eae00000,0x00000000eae00000)
  from space 512K, 43% used [0x00000000eae00000,0x00000000eae38020,0x00000000eae80000)
  to   space 1024K, 0% used [0x00000000eaf80000,0x00000000eaf80000,0x00000000eb080000)
 ParOldGen       total 673280K, used 672961K [0x00000000c0000000, 0x00000000e9180000, 0x00000000eab00000)
  object space 673280K, 99% used [0x00000000c0000000,0x00000000e91307e0,0x00000000e9180000)
 Metaspace       used 68173K, committed 69760K, reserved 1114112K
  class space    used 7084K, committed 7744K, reserved 1048576K
}
Event: 92.681 GC heap after
{Heap after GC invocations=1467 (full 3):
 PSYoungGen      total 3584K, used 193K [0x00000000eab00000, 0x00000000eb000000, 0x0000000100000000)
  eden space 3072K, 0% used [0x00000000eab00000,0x00000000eab00000,0x00000000eae00000)
  from space 512K, 37% used [0x00000000eaf80000,0x00000000eafb04b0,0x00000000eb000000)
  to   space 512K, 0% used [0x00000000eae00000,0x00000000eae00000,0x00000000eae80000)
 ParOldGen       total 673280K, used 673066K [0x00000000c0000000, 0x00000000e9180000, 0x00000000eab00000)
  object space 673280K, 99% used [0x00000000c0000000,0x00000000e914a800,0x00000000e9180000)
 Metaspace       used 68173K, committed 69760K, reserved 1114112K
  class space    used 7084K, committed 7744K, reserved 1048576K
}
Event: 92.745 GC heap before
{Heap before GC invocations=1468 (full 3):
 PSYoungGen      total 3584K, used 3265K [0x00000000eab00000, 0x00000000eb000000, 0x0000000100000000)
  eden space 3072K, 100% used [0x00000000eab00000,0x00000000eae00000,0x00000000eae00000)
  from space 512K, 37% used [0x00000000eaf80000,0x00000000eafb04b0,0x00000000eb000000)
  to   space 512K, 0% used [0x00000000eae00000,0x00000000eae00000,0x00000000eae80000)
 ParOldGen       total 673280K, used 673066K [0x00000000c0000000, 0x00000000e9180000, 0x00000000eab00000)
  object space 673280K, 99% used [0x00000000c0000000,0x00000000e914a800,0x00000000e9180000)
 Metaspace       used 68471K, committed 70144K, reserved 1114112K
  class space    used 7124K, committed 7808K, reserved 1048576K
}
Event: 92.746 GC heap after
{Heap after GC invocations=1468 (full 3):
 PSYoungGen      total 3584K, used 160K [0x00000000eab00000, 0x00000000eb000000, 0x0000000100000000)
  eden space 3072K, 0% used [0x00000000eab00000,0x00000000eab00000,0x00000000eae00000)
  from space 512K, 31% used [0x00000000eae00000,0x00000000eae28000,0x00000000eae80000)
  to   space 512K, 0% used [0x00000000eaf80000,0x00000000eaf80000,0x00000000eb000000)
 ParOldGen       total 673280K, used 673130K [0x00000000c0000000, 0x00000000e9180000, 0x00000000eab00000)
  object space 673280K, 99% used [0x00000000c0000000,0x00000000e915a9b0,0x00000000e9180000)
 Metaspace       used 68471K, committed 70144K, reserved 1114112K
  class space    used 7124K, committed 7808K, reserved 1048576K
}
Event: 92.813 GC heap before
{Heap before GC invocations=1469 (full 3):
 PSYoungGen      total 3584K, used 3232K [0x00000000eab00000, 0x00000000eb000000, 0x0000000100000000)
  eden space 3072K, 100% used [0x00000000eab00000,0x00000000eae00000,0x00000000eae00000)
  from space 512K, 31% used [0x00000000eae00000,0x00000000eae28000,0x00000000eae80000)
  to   space 512K, 0% used [0x00000000eaf80000,0x00000000eaf80000,0x00000000eb000000)
 ParOldGen       total 673280K, used 673130K [0x00000000c0000000, 0x00000000e9180000, 0x00000000eab00000)
  object space 673280K, 99% used [0x00000000c0000000,0x00000000e915a9b0,0x00000000e9180000)
 Metaspace       used 68926K, committed 70528K, reserved 1114112K
  class space    used 7158K, committed 7808K, reserved 1048576K
}
Event: 92.814 GC heap after
{Heap after GC invocations=1469 (full 3):
 PSYoungGen      total 3584K, used 225K [0x00000000eab00000, 0x00000000eb000000, 0x0000000100000000)
  eden space 3072K, 0% used [0x00000000eab00000,0x00000000eab00000,0x00000000eae00000)
  from space 512K, 44% used [0x00000000eaf80000,0x00000000eafb8630,0x00000000eb000000)
  to   space 512K, 0% used [0x00000000eae00000,0x00000000eae00000,0x00000000eae80000)
 ParOldGen       total 673280K, used 673242K [0x00000000c0000000, 0x00000000e9180000, 0x00000000eab00000)
  object space 673280K, 99% used [0x00000000c0000000,0x00000000e91769b0,0x00000000e9180000)
 Metaspace       used 68926K, committed 70528K, reserved 1114112K
  class space    used 7158K, committed 7808K, reserved 1048576K
}
Event: 92.884 GC heap before
{Heap before GC invocations=1470 (full 3):
 PSYoungGen      total 3584K, used 3297K [0x00000000eab00000, 0x00000000eb000000, 0x0000000100000000)
  eden space 3072K, 100% used [0x00000000eab00000,0x00000000eae00000,0x00000000eae00000)
  from space 512K, 44% used [0x00000000eaf80000,0x00000000eafb8630,0x00000000eb000000)
  to   space 512K, 0% used [0x00000000eae00000,0x00000000eae00000,0x00000000eae80000)
 ParOldGen       total 673280K, used 673242K [0x00000000c0000000, 0x00000000e9180000, 0x00000000eab00000)
  object space 673280K, 99% used [0x00000000c0000000,0x00000000e91769b0,0x00000000e9180000)
 Metaspace       used 69415K, committed 71104K, reserved 1114112K
  class space    used 7208K, committed 7936K, reserved 1048576K
}
Event: 92.886 GC heap after
{Heap after GC invocations=1470 (full 3):
 PSYoungGen      total 3584K, used 128K [0x00000000eab00000, 0x00000000eb000000, 0x0000000100000000)
  eden space 3072K, 0% used [0x00000000eab00000,0x00000000eab00000,0x00000000eae00000)
  from space 512K, 25% used [0x00000000eae00000,0x00000000eae20000,0x00000000eae80000)
  to   space 512K, 0% used [0x00000000eaf80000,0x00000000eaf80000,0x00000000eb000000)
 ParOldGen       total 673792K, used 673362K [0x00000000c0000000, 0x00000000e9200000, 0x00000000eab00000)
  object space 673792K, 99% used [0x00000000c0000000,0x00000000e91949d0,0x00000000e9200000)
 Metaspace       used 69415K, committed 71104K, reserved 1114112K
  class space    used 7208K, committed 7936K, reserved 1048576K
}
Event: 92.958 GC heap before
{Heap before GC invocations=1471 (full 3):
 PSYoungGen      total 3584K, used 3195K [0x00000000eab00000, 0x00000000eb000000, 0x0000000100000000)
  eden space 3072K, 99% used [0x00000000eab00000,0x00000000eadfec18,0x00000000eae00000)
  from space 512K, 25% used [0x00000000eae00000,0x00000000eae20000,0x00000000eae80000)
  to   space 512K, 0% used [0x00000000eaf80000,0x00000000eaf80000,0x00000000eb000000)
 ParOldGen       total 673792K, used 673362K [0x00000000c0000000, 0x00000000e9200000, 0x00000000eab00000)
  object space 673792K, 99% used [0x00000000c0000000,0x00000000e91949d0,0x00000000e9200000)
 Metaspace       used 69500K, committed 71168K, reserved 1114112K
  class space    used 7223K, committed 7936K, reserved 1048576K
}
Event: 92.961 GC heap after
{Heap after GC invocations=1471 (full 3):
 PSYoungGen      total 3584K, used 374K [0x00000000eab00000, 0x00000000eb000000, 0x0000000100000000)
  eden space 3072K, 0% used [0x00000000eab00000,0x00000000eab00000,0x00000000eae00000)
  from space 512K, 73% used [0x00000000eaf80000,0x00000000eafdd880,0x00000000eb000000)
  to   space 512K, 0% used [0x00000000eae00000,0x00000000eae00000,0x00000000eae80000)
 ParOldGen       total 674816K, used 674214K [0x00000000c0000000, 0x00000000e9300000, 0x00000000eab00000)
  object space 674816K, 99% used [0x00000000c0000000,0x00000000e9269b68,0x00000000e9300000)
 Metaspace       used 69500K, committed 71168K, reserved 1114112K
  class space    used 7223K, committed 7936K, reserved 1048576K
}
Event: 93.033 GC heap before
{Heap before GC invocations=1472 (full 3):
 PSYoungGen      total 3584K, used 3354K [0x00000000eab00000, 0x00000000eb000000, 0x0000000100000000)
  eden space 3072K, 97% used [0x00000000eab00000,0x00000000eade91a8,0x00000000eae00000)
  from space 512K, 73% used [0x00000000eaf80000,0x00000000eafdd880,0x00000000eb000000)
  to   space 512K, 0% used [0x00000000eae00000,0x00000000eae00000,0x00000000eae80000)
 ParOldGen       total 674816K, used 674214K [0x00000000c0000000, 0x00000000e9300000, 0x00000000eab00000)
  object space 674816K, 99% used [0x00000000c0000000,0x00000000e9269b68,0x00000000e9300000)
 Metaspace       used 69507K, committed 71168K, reserved 1114112K
  class space    used 7224K, committed 7936K, reserved 1048576K
}
Event: 93.034 GC heap after
{Heap after GC invocations=1472 (full 3):
 PSYoungGen      total 3584K, used 128K [0x00000000eab00000, 0x00000000eb000000, 0x0000000100000000)
  eden space 3072K, 0% used [0x00000000eab00000,0x00000000eab00000,0x00000000eae00000)
  from space 512K, 25% used [0x00000000eae00000,0x00000000eae20000,0x00000000eae80000)
  to   space 512K, 0% used [0x00000000eaf80000,0x00000000eaf80000,0x00000000eb000000)
 ParOldGen       total 674816K, used 674422K [0x00000000c0000000, 0x00000000e9300000, 0x00000000eab00000)
  object space 674816K, 99% used [0x00000000c0000000,0x00000000e929db88,0x00000000e9300000)
 Metaspace       used 69507K, committed 71168K, reserved 1114112K
  class space    used 7224K, committed 7936K, reserved 1048576K
}
Event: 93.183 GC heap before
{Heap before GC invocations=1473 (full 3):
 PSYoungGen      total 3584K, used 3187K [0x00000000eab00000, 0x00000000eb000000, 0x0000000100000000)
  eden space 3072K, 99% used [0x00000000eab00000,0x00000000eadfcc48,0x00000000eae00000)
  from space 512K, 25% used [0x00000000eae00000,0x00000000eae20000,0x00000000eae80000)
  to   space 512K, 0% used [0x00000000eaf80000,0x00000000eaf80000,0x00000000eb000000)
 ParOldGen       total 674816K, used 674422K [0x00000000c0000000, 0x00000000e9300000, 0x00000000eab00000)
  object space 674816K, 99% used [0x00000000c0000000,0x00000000e929db88,0x00000000e9300000)
 Metaspace       used 69653K, committed 71296K, reserved 1114112K
  class space    used 7239K, committed 7936K, reserved 1048576K
}
Event: 93.185 GC heap after
{Heap after GC invocations=1473 (full 3):
 PSYoungGen      total 3584K, used 160K [0x00000000eab00000, 0x00000000eb000000, 0x0000000100000000)
  eden space 3072K, 0% used [0x00000000eab00000,0x00000000eab00000,0x00000000eae00000)
  from space 512K, 31% used [0x00000000eaf80000,0x00000000eafa8000,0x00000000eb000000)
  to   space 512K, 0% used [0x00000000eae00000,0x00000000eae00000,0x00000000eae80000)
 ParOldGen       total 674816K, used 674462K [0x00000000c0000000, 0x00000000e9300000, 0x00000000eab00000)
  object space 674816K, 99% used [0x00000000c0000000,0x00000000e92a7b88,0x00000000e9300000)
 Metaspace       used 69653K, committed 71296K, reserved 1114112K
  class space    used 7239K, committed 7936K, reserved 1048576K
}
Event: 93.416 GC heap before
{Heap before GC invocations=1474 (full 3):
 PSYoungGen      total 3584K, used 3225K [0x00000000eab00000, 0x00000000eb000000, 0x0000000100000000)
  eden space 3072K, 99% used [0x00000000eab00000,0x00000000eadfe670,0x00000000eae00000)
  from space 512K, 31% used [0x00000000eaf80000,0x00000000eafa8000,0x00000000eb000000)
  to   space 512K, 0% used [0x00000000eae00000,0x00000000eae00000,0x00000000eae80000)
 ParOldGen       total 674816K, used 674462K [0x00000000c0000000, 0x00000000e9300000, 0x00000000eab00000)
  object space 674816K, 99% used [0x00000000c0000000,0x00000000e92a7b88,0x00000000e9300000)
 Metaspace       used 70000K, committed 71616K, reserved 1114112K
  class space    used 7266K, committed 7936K, reserved 1048576K
}
Event: 93.418 GC heap after
{Heap after GC invocations=1474 (full 3):
 PSYoungGen      total 3584K, used 496K [0x00000000eab00000, 0x00000000eb000000, 0x0000000100000000)
  eden space 3072K, 0% used [0x00000000eab00000,0x00000000eab00000,0x00000000eae00000)
  from space 512K, 96% used [0x00000000eae00000,0x00000000eae7c010,0x00000000eae80000)
  to   space 1024K, 0% used [0x00000000eaf00000,0x00000000eaf00000,0x00000000eb000000)
 ParOldGen       total 674816K, used 674582K [0x00000000c0000000, 0x00000000e9300000, 0x00000000eab00000)
  object space 674816K, 99% used [0x00000000c0000000,0x00000000e92c5b88,0x00000000e9300000)
 Metaspace       used 70000K, committed 71616K, reserved 1114112K
  class space    used 7266K, committed 7936K, reserved 1048576K
}

